<?xml version="1.0" encoding="UTF-8"?>
<testng-results skipped="0" failed="0" ignored="0" total="1" passed="1">
  <reporter-output>
  </reporter-output>
  <suite name="Default suite" duration-ms="37428" started-at="2019-07-07T10:24:07Z" finished-at="2019-07-07T10:24:45Z">
    <groups>
    </groups>
    <test name="Default test" duration-ms="37428" started-at="2019-07-07T10:24:07Z" finished-at="2019-07-07T10:24:45Z">
      <class name="com.spectrum.appium.com.spectrum.appium.App">
        <test-method status="PASS" signature="Device_1()[pri:0, instance:com.spectrum.appium.com.spectrum.appium.App@2898ac89]" name="Device_1" duration-ms="37042" started-at="2019-07-07T10:24:07Z" finished-at="2019-07-07T10:24:44Z">
          <reporter-output>
          </reporter-output>
        </test-method> <!-- Device_1 -->
      </class> <!-- com.spectrum.appium.com.spectrum.appium.App -->
    </test> <!-- Default test -->
  </suite> <!-- Default suite -->
</testng-results>
